Usage: pyhton d14.py [t|p]
    t = test mode
    p = production mode
  Current: sys.argv[1:]=[]
in_test
['498,4 -> 498,6 -> 496,6', '503,4 -> 502,4 -> 502,9 -> 494,9']
[0] min: 4
[0] max: 9
[1] min: 494
[1] max: 503
----- cave[485: 513]
............................
............................
............................
............................
.............#...##.........
.............#...#..........
...........###...#..........
.................#..........
.................#..........
.........#########..........
............................
............................
===== 1
............................
............................
............................
............................
.............#...##.........
.............#...#..........
...........###...#..........
.................#..........
...............o.#..........
.........#########..........
............................
............................
===== 2
............................
............................
............................
............................
.............#...##.........
.............#...#..........
...........###...#..........
.................#..........
..............oo.#..........
.........#########..........
............................
............................
===== 3
............................
............................
............................
............................
.............#...##.........
.............#...#..........
...........###...#..........
.................#..........
..............ooo#..........
.........#########..........
............................
............................
===== 4
............................
............................
............................
............................
.............#...##.........
.............#...#..........
...........###...#..........
...............o.#..........
..............ooo#..........
.........#########..........
............................
............................
===== 5
............................
............................
............................
............................
.............#...##.........
.............#...#..........
...........###...#..........
...............o.#..........
.............oooo#..........
.........#########..........
............................
............................
===== 6
............................
............................
............................
............................
.............#...##.........
.............#...#..........
...........###...#..........
..............oo.#..........
.............oooo#..........
.........#########..........
............................
............................
===== 7
............................
............................
............................
............................
.............#...##.........
.............#...#..........
...........###...#..........
..............ooo#..........
.............oooo#..........
.........#########..........
............................
............................
===== 8
............................
............................
............................
............................
.............#...##.........
.............#...#..........
...........###.o.#..........
..............ooo#..........
.............oooo#..........
.........#########..........
............................
............................
===== 9
............................
............................
............................
............................
.............#...##.........
.............#...#..........
...........###.o.#..........
..............ooo#..........
............ooooo#..........
.........#########..........
............................
............................
===== 10
............................
............................
............................
............................
.............#...##.........
.............#...#..........
...........###.o.#..........
.............oooo#..........
............ooooo#..........
.........#########..........
............................
............................
===== 11
............................
............................
............................
............................
.............#...##.........
.............#...#..........
...........###oo.#..........
.............oooo#..........
............ooooo#..........
.........#########..........
............................
............................
===== 12
............................
............................
............................
............................
.............#...##.........
.............#...#..........
...........###ooo#..........
.............oooo#..........
............ooooo#..........
.........#########..........
............................
............................
===== 13
............................
............................
............................
............................
.............#...##.........
.............#.o.#..........
...........###ooo#..........
.............oooo#..........
............ooooo#..........
.........#########..........
............................
............................
===== 14
............................
............................
............................
............................
.............#...##.........
.............#oo.#..........
...........###ooo#..........
.............oooo#..........
............ooooo#..........
.........#########..........
............................
............................
===== 15
............................
............................
............................
............................
.............#...##.........
.............#ooo#..........
...........###ooo#..........
.............oooo#..........
............ooooo#..........
.........#########..........
............................
............................
===== 16
............................
............................
............................
............................
.............#.o.##.........
.............#ooo#..........
...........###ooo#..........
.............oooo#..........
............ooooo#..........
.........#########..........
............................
............................
===== 17
............................
............................
............................
............................
.............#oo.##.........
.............#ooo#..........
...........###ooo#..........
.............oooo#..........
............ooooo#..........
.........#########..........
............................
............................
===== 18
............................
............................
............................
............................
.............#ooo##.........
.............#ooo#..........
...........###ooo#..........
.............oooo#..........
............ooooo#..........
.........#########..........
............................
............................
===== 19
............................
............................
............................
...............o............
.............#ooo##.........
.............#ooo#..........
...........###ooo#..........
.............oooo#..........
............ooooo#..........
.........#########..........
............................
............................
===== 20
............................
............................
............................
..............oo............
.............#ooo##.........
.............#ooo#..........
...........###ooo#..........
.............oooo#..........
............ooooo#..........
.........#########..........
............................
............................
===== 21
............................
............................
............................
..............ooo...........
.............#ooo##.........
.............#ooo#..........
...........###ooo#..........
.............oooo#..........
............ooooo#..........
.........#########..........
............................
............................
===== 22
............................
............................
...............o............
..............ooo...........
.............#ooo##.........
.............#ooo#..........
...........###ooo#..........
.............oooo#..........
............ooooo#..........
.........#########..........
............................
............................
===== 23
............................
............................
...............o............
..............ooo...........
.............#ooo##.........
............o#ooo#..........
...........###ooo#..........
.............oooo#..........
............ooooo#..........
.........#########..........
............................
............................
===== 24
............................
............................
...............o............
..............ooo...........
.............#ooo##.........
............o#ooo#..........
...........###ooo#..........
.............oooo#..........
..........o.ooooo#..........
.........#########..........
............................
............................
===== 24
............................
............................
...............o............
..............ooo...........
.............#ooo##.........
............o#ooo#..........
...........###ooo#..........
.............oooo#..........
..........o.ooooo#..........
.........#########..........
............................
............................
part 1: 24

====================--------====================
==================== PART 2 ====================
====================--------====================
............................
............................
............................
............................
.............#...##.........
.............#...#..........
...........###...#..........
.................#..........
.................#..........
.........#########..........
............................
############################
===== 1
............................
............................
............................
............................
.............#...##.........
.............#...#..........
...........###...#..........
.................#..........
...............o.#..........
.........#########..........
............................
############################
===== 2
............................
............................
............................
............................
.............#...##.........
.............#...#..........
...........###...#..........
.................#..........
..............oo.#..........
.........#########..........
............................
############################
===== 3
............................
............................
............................
............................
.............#...##.........
.............#...#..........
...........###...#..........
.................#..........
..............ooo#..........
.........#########..........
............................
############################
===== 4
............................
............................
............................
............................
.............#...##.........
.............#...#..........
...........###...#..........
...............o.#..........
..............ooo#..........
.........#########..........
............................
############################
===== 5
............................
............................
............................
............................
.............#...##.........
.............#...#..........
...........###...#..........
...............o.#..........
.............oooo#..........
.........#########..........
............................
############################
===== 6
............................
............................
............................
............................
.............#...##.........
.............#...#..........
...........###...#..........
..............oo.#..........
.............oooo#..........
.........#########..........
............................
############################
===== 7
............................
............................
............................
............................
.............#...##.........
.............#...#..........
...........###...#..........
..............ooo#..........
.............oooo#..........
.........#########..........
............................
############################
===== 8
............................
............................
............................
............................
.............#...##.........
.............#...#..........
...........###.o.#..........
..............ooo#..........
.............oooo#..........
.........#########..........
............................
############################
===== 9
............................
............................
............................
............................
.............#...##.........
.............#...#..........
...........###.o.#..........
..............ooo#..........
............ooooo#..........
.........#########..........
............................
############################
===== 10
............................
............................
............................
............................
.............#...##.........
.............#...#..........
...........###.o.#..........
.............oooo#..........
............ooooo#..........
.........#########..........
............................
############################
===== 11
............................
............................
............................
............................
.............#...##.........
.............#...#..........
...........###oo.#..........
.............oooo#..........
............ooooo#..........
.........#########..........
............................
############################
===== 12
............................
............................
............................
............................
.............#...##.........
.............#...#..........
...........###ooo#..........
.............oooo#..........
............ooooo#..........
.........#########..........
............................
############################
===== 13
............................
............................
............................
............................
.............#...##.........
.............#.o.#..........
...........###ooo#..........
.............oooo#..........
............ooooo#..........
.........#########..........
............................
############################
===== 14
............................
............................
............................
............................
.............#...##.........
.............#oo.#..........
...........###ooo#..........
.............oooo#..........
............ooooo#..........
.........#########..........
............................
############################
===== 15
............................
............................
............................
............................
.............#...##.........
.............#ooo#..........
...........###ooo#..........
.............oooo#..........
............ooooo#..........
.........#########..........
............................
############################
===== 16
............................
............................
............................
............................
.............#.o.##.........
.............#ooo#..........
...........###ooo#..........
.............oooo#..........
............ooooo#..........
.........#########..........
............................
############################
===== 17
............................
............................
............................
............................
.............#oo.##.........
.............#ooo#..........
...........###ooo#..........
.............oooo#..........
............ooooo#..........
.........#########..........
............................
############################
===== 18
............................
............................
............................
............................
.............#ooo##.........
.............#ooo#..........
...........###ooo#..........
.............oooo#..........
............ooooo#..........
.........#########..........
............................
############################
===== 19
............................
............................
............................
...............o............
.............#ooo##.........
.............#ooo#..........
...........###ooo#..........
.............oooo#..........
............ooooo#..........
.........#########..........
............................
############################
===== 20
............................
............................
............................
..............oo............
.............#ooo##.........
.............#ooo#..........
...........###ooo#..........
.............oooo#..........
............ooooo#..........
.........#########..........
............................
############################
===== 21
............................
............................
............................
..............ooo...........
.............#ooo##.........
.............#ooo#..........
...........###ooo#..........
.............oooo#..........
............ooooo#..........
.........#########..........
............................
############################
===== 22
............................
............................
...............o............
..............ooo...........
.............#ooo##.........
.............#ooo#..........
...........###ooo#..........
.............oooo#..........
............ooooo#..........
.........#########..........
............................
############################
===== 23
............................
............................
...............o............
..............ooo...........
.............#ooo##.........
............o#ooo#..........
...........###ooo#..........
.............oooo#..........
............ooooo#..........
.........#########..........
............................
############################
===== 24
............................
............................
...............o............
..............ooo...........
.............#ooo##.........
............o#ooo#..........
...........###ooo#..........
.............oooo#..........
..........o.ooooo#..........
.........#########..........
............................
############################
===== 25
............................
............................
...............o............
..............ooo...........
.............#ooo##.........
............o#ooo#..........
...........###ooo#..........
.............oooo#..........
..........o.ooooo#..........
.........#########..........
........o...................
############################
===== 26
............................
............................
...............o............
..............ooo...........
.............#ooo##.........
............o#ooo#..........
...........###ooo#..........
.............oooo#..........
..........o.ooooo#..........
.........#########..........
.......oo...................
############################
===== 27
............................
............................
...............o............
..............ooo...........
.............#ooo##.........
............o#ooo#..........
...........###ooo#..........
.............oooo#..........
..........o.ooooo#..........
.........#########..........
.......ooo..................
############################
===== 28
............................
............................
...............o............
..............ooo...........
.............#ooo##.........
............o#ooo#..........
...........###ooo#..........
.............oooo#..........
..........o.ooooo#..........
........o#########..........
.......ooo..................
############################
===== 29
............................
............................
...............o............
..............ooo...........
.............#ooo##.........
............o#ooo#..........
...........###ooo#..........
.............oooo#..........
.........oo.ooooo#..........
........o#########..........
.......ooo..................
############################
===== 30
............................
............................
...............o............
..............ooo...........
.............#ooo##.........
............o#ooo#..........
...........###ooo#..........
.............oooo#..........
.........oooooooo#..........
........o#########..........
.......ooo..................
############################
===== 31
............................
............................
...............o............
..............ooo...........
.............#ooo##.........
............o#ooo#..........
...........###ooo#..........
..........o..oooo#..........
.........oooooooo#..........
........o#########..........
.......ooo..................
############################
===== 32
............................
............................
...............o............
..............ooo...........
.............#ooo##.........
............o#ooo#..........
...........###ooo#..........
..........o..oooo#..........
.........oooooooo#..........
........o#########..........
......oooo..................
############################
===== 33
............................
............................
...............o............
..............ooo...........
.............#ooo##.........
............o#ooo#..........
...........###ooo#..........
..........o..oooo#..........
.........oooooooo#..........
.......oo#########..........
......oooo..................
############################
===== 34
............................
............................
...............o............
..............ooo...........
.............#ooo##.........
............o#ooo#..........
...........###ooo#..........
..........o..oooo#..........
........ooooooooo#..........
.......oo#########..........
......oooo..................
############################
===== 35
............................
............................
...............o............
..............ooo...........
.............#ooo##.........
............o#ooo#..........
...........###ooo#..........
.........oo..oooo#..........
........ooooooooo#..........
.......oo#########..........
......oooo..................
############################
===== 36
............................
............................
...............o............
..............ooo...........
.............#ooo##.........
............o#ooo#..........
...........###ooo#..........
.........ooo.oooo#..........
........ooooooooo#..........
.......oo#########..........
......oooo..................
############################
===== 37
............................
............................
...............o............
..............ooo...........
.............#ooo##.........
............o#ooo#..........
..........o###ooo#..........
.........ooo.oooo#..........
........ooooooooo#..........
.......oo#########..........
......oooo..................
############################
===== 38
............................
............................
...............o............
..............ooo...........
.............#ooo##.........
...........oo#ooo#..........
..........o###ooo#..........
.........ooo.oooo#..........
........ooooooooo#..........
.......oo#########..........
......oooo..................
############################
===== 39
............................
............................
...............o............
..............ooo...........
............o#ooo##.........
...........oo#ooo#..........
..........o###ooo#..........
.........ooo.oooo#..........
........ooooooooo#..........
.......oo#########..........
......oooo..................
############################
===== 40
............................
............................
...............o............
.............oooo...........
............o#ooo##.........
...........oo#ooo#..........
..........o###ooo#..........
.........ooo.oooo#..........
........ooooooooo#..........
.......oo#########..........
......oooo..................
############################
===== 41
............................
............................
..............oo............
.............oooo...........
............o#ooo##.........
...........oo#ooo#..........
..........o###ooo#..........
.........ooo.oooo#..........
........ooooooooo#..........
.......oo#########..........
......oooo..................
############################
===== 42
............................
............................
..............oo............
.............ooooo..........
............o#ooo##.........
...........oo#ooo#..........
..........o###ooo#..........
.........ooo.oooo#..........
........ooooooooo#..........
.......oo#########..........
......oooo..................
############################
===== 43
............................
............................
..............ooo...........
.............ooooo..........
............o#ooo##.........
...........oo#ooo#..........
..........o###ooo#..........
.........ooo.oooo#..........
........ooooooooo#..........
.......oo#########..........
......oooo..................
############################
===== 44
............................
...............o............
..............ooo...........
.............ooooo..........
............o#ooo##.........
...........oo#ooo#..........
..........o###ooo#..........
.........ooo.oooo#..........
........ooooooooo#..........
.......oo#########..........
......oooo..................
############################
===== 45
............................
...............o............
..............ooo...........
.............ooooo..........
............o#ooo##.........
...........oo#ooo#..........
..........o###ooo#..........
.........ooo.oooo#..........
........ooooooooo#..........
.......oo#########..........
.....ooooo..................
############################
===== 46
............................
...............o............
..............ooo...........
.............ooooo..........
............o#ooo##.........
...........oo#ooo#..........
..........o###ooo#..........
.........ooo.oooo#..........
........ooooooooo#..........
......ooo#########..........
.....ooooo..................
############################
===== 47
............................
...............o............
..............ooo...........
.............ooooo..........
............o#ooo##.........
...........oo#ooo#..........
..........o###ooo#..........
.........ooo.oooo#..........
.......oooooooooo#..........
......ooo#########..........
.....ooooo..................
############################
===== 48
............................
...............o............
..............ooo...........
.............ooooo..........
............o#ooo##.........
...........oo#ooo#..........
..........o###ooo#..........
........oooo.oooo#..........
.......oooooooooo#..........
......ooo#########..........
.....ooooo..................
############################
===== 49
............................
...............o............
..............ooo...........
.............ooooo..........
............o#ooo##.........
...........oo#ooo#..........
.........oo###ooo#..........
........oooo.oooo#..........
.......oooooooooo#..........
......ooo#########..........
.....ooooo..................
############################
===== 50
............................
...............o............
..............ooo...........
.............ooooo..........
............o#ooo##.........
..........ooo#ooo#..........
.........oo###ooo#..........
........oooo.oooo#..........
.......oooooooooo#..........
......ooo#########..........
.....ooooo..................
############################
===== 51
............................
...............o............
..............ooo...........
.............ooooo..........
...........oo#ooo##.........
..........ooo#ooo#..........
.........oo###ooo#..........
........oooo.oooo#..........
.......oooooooooo#..........
......ooo#########..........
.....ooooo..................
############################
===== 52
............................
...............o............
..............ooo...........
............oooooo..........
...........oo#ooo##.........
..........ooo#ooo#..........
.........oo###ooo#..........
........oooo.oooo#..........
.......oooooooooo#..........
......ooo#########..........
.....ooooo..................
############################
===== 53
............................
...............o............
.............oooo...........
............oooooo..........
...........oo#ooo##.........
..........ooo#ooo#..........
.........oo###ooo#..........
........oooo.oooo#..........
.......oooooooooo#..........
......ooo#########..........
.....ooooo..................
############################
===== 54
............................
..............oo............
.............oooo...........
............oooooo..........
...........oo#ooo##.........
..........ooo#ooo#..........
.........oo###ooo#..........
........oooo.oooo#..........
.......oooooooooo#..........
......ooo#########..........
.....ooooo..................
############################
===== 55
............................
..............oo............
.............oooo...........
............oooooo..........
...........oo#ooo##.........
..........ooo#ooo#..........
.........oo###ooo#..........
........oooo.oooo#..........
.......oooooooooo#..........
......ooo#########..........
.....ooooo.........o........
############################
===== 56
............................
..............oo............
.............oooo...........
............oooooo..........
...........oo#ooo##.........
..........ooo#ooo#..........
.........oo###ooo#..........
........oooo.oooo#..........
.......oooooooooo#..........
......ooo#########..........
.....ooooo........oo........
############################
===== 57
............................
..............oo............
.............oooo...........
............oooooo..........
...........oo#ooo##.........
..........ooo#ooo#..........
.........oo###ooo#..........
........oooo.oooo#..........
.......oooooooooo#..........
......ooo#########..........
.....ooooo........ooo.......
############################
===== 58
............................
..............oo............
.............oooo...........
............oooooo..........
...........oo#ooo##.........
..........ooo#ooo#..........
.........oo###ooo#..........
........oooo.oooo#..........
.......oooooooooo#..........
......ooo#########.o........
.....ooooo........ooo.......
############################
===== 59
............................
..............oo............
.............oooo...........
............oooooo..........
...........oo#ooo##.........
..........ooo#ooo#..........
.........oo###ooo#..........
........oooo.oooo#..........
.......oooooooooo#..........
......ooo#########.o........
.....ooooo.......oooo.......
############################
===== 60
............................
..............oo............
.............oooo...........
............oooooo..........
...........oo#ooo##.........
..........ooo#ooo#..........
.........oo###ooo#..........
........oooo.oooo#..........
.......oooooooooo#..........
......ooo#########oo........
.....ooooo.......oooo.......
############################
===== 61
............................
..............oo............
.............oooo...........
............oooooo..........
...........oo#ooo##.........
..........ooo#ooo#..........
.........oo###ooo#..........
........oooo.oooo#..........
.......oooooooooo#..........
......ooo#########oo........
.....ooooo.......ooooo......
############################
===== 62
............................
..............oo............
.............oooo...........
............oooooo..........
...........oo#ooo##.........
..........ooo#ooo#..........
.........oo###ooo#..........
........oooo.oooo#..........
.......oooooooooo#..........
......ooo#########ooo.......
.....ooooo.......ooooo......
############################
===== 63
............................
..............oo............
.............oooo...........
............oooooo..........
...........oo#ooo##.........
..........ooo#ooo#..........
.........oo###ooo#..........
........oooo.oooo#..........
.......oooooooooo#.o........
......ooo#########ooo.......
.....ooooo.......ooooo......
############################
===== 64
............................
..............oo............
.............oooo...........
............oooooo..........
...........oo#ooo##.........
..........ooo#ooo#..........
.........oo###ooo#..........
........oooo.oooo#..........
.......oooooooooo#oo........
......ooo#########ooo.......
.....ooooo.......ooooo......
############################
===== 65
............................
..............oo............
.............oooo...........
............oooooo..........
...........oo#ooo##.........
..........ooo#ooo#..........
.........oo###ooo#..........
........oooo.oooo#..........
.......oooooooooo#oo........
......ooo#########ooo.......
.....ooooo.......oooooo.....
############################
===== 66
............................
..............oo............
.............oooo...........
............oooooo..........
...........oo#ooo##.........
..........ooo#ooo#..........
.........oo###ooo#..........
........oooo.oooo#..........
.......oooooooooo#oo........
......ooo#########oooo......
.....ooooo.......oooooo.....
############################
===== 67
............................
..............oo............
.............oooo...........
............oooooo..........
...........oo#ooo##.........
..........ooo#ooo#..........
.........oo###ooo#..........
........oooo.oooo#..........
.......oooooooooo#ooo.......
......ooo#########oooo......
.....ooooo.......oooooo.....
############################
===== 68
............................
..............oo............
.............oooo...........
............oooooo..........
...........oo#ooo##.........
..........ooo#ooo#..........
.........oo###ooo#..........
........oooo.oooo#.o........
.......oooooooooo#ooo.......
......ooo#########oooo......
.....ooooo.......oooooo.....
############################
===== 69
............................
..............oo............
.............oooo...........
............oooooo..........
...........oo#ooo##.........
..........ooo#ooo#..........
.........oo###ooo#..........
........oooo.oooo#oo........
.......oooooooooo#ooo.......
......ooo#########oooo......
.....ooooo.......oooooo.....
############################
===== 70
............................
..............oo............
.............oooo...........
............oooooo..........
...........oo#ooo##.........
..........ooo#ooo#..........
.........oo###ooo#..........
........oooo.oooo#oo........
.......oooooooooo#ooo.......
......ooo#########oooo......
.....ooooo.......ooooooo....
############################
===== 71
............................
..............oo............
.............oooo...........
............oooooo..........
...........oo#ooo##.........
..........ooo#ooo#..........
.........oo###ooo#..........
........oooo.oooo#oo........
.......oooooooooo#ooo.......
......ooo#########ooooo.....
.....ooooo.......ooooooo....
############################
===== 72
............................
..............oo............
.............oooo...........
............oooooo..........
...........oo#ooo##.........
..........ooo#ooo#..........
.........oo###ooo#..........
........oooo.oooo#oo........
.......oooooooooo#oooo......
......ooo#########ooooo.....
.....ooooo.......ooooooo....
############################
===== 73
............................
..............oo............
.............oooo...........
............oooooo..........
...........oo#ooo##.........
..........ooo#ooo#..........
.........oo###ooo#..........
........oooo.oooo#ooo.......
.......oooooooooo#oooo......
......ooo#########ooooo.....
.....ooooo.......ooooooo....
############################
===== 74
............................
..............oo............
.............oooo...........
............oooooo..........
...........oo#ooo##.........
..........ooo#ooo#..........
.........oo###ooo#.o........
........oooo.oooo#ooo.......
.......oooooooooo#oooo......
......ooo#########ooooo.....
.....ooooo.......ooooooo....
############################
===== 75
............................
..............oo............
.............oooo...........
............oooooo..........
...........oo#ooo##.........
..........ooo#ooo#..........
.........oo###ooo#oo........
........oooo.oooo#ooo.......
.......oooooooooo#oooo......
......ooo#########ooooo.....
.....ooooo.......ooooooo....
############################
===== 76
............................
..............oo............
.............oooo...........
............oooooo..........
...........oo#ooo##.........
..........ooo#ooo#..........
.........oo###ooo#oo........
........oooo.oooo#ooo.......
.......oooooooooo#oooo......
......ooo#########ooooo.....
.....ooooo.......oooooooo...
############################
===== 77
............................
..............oo............
.............oooo...........
............oooooo..........
...........oo#ooo##.........
..........ooo#ooo#..........
.........oo###ooo#oo........
........oooo.oooo#ooo.......
.......oooooooooo#oooo......
......ooo#########oooooo....
.....ooooo.......oooooooo...
############################
===== 78
............................
..............oo............
.............oooo...........
............oooooo..........
...........oo#ooo##.........
..........ooo#ooo#..........
.........oo###ooo#oo........
........oooo.oooo#ooo.......
.......oooooooooo#ooooo.....
......ooo#########oooooo....
.....ooooo.......oooooooo...
############################
===== 79
............................
..............oo............
.............oooo...........
............oooooo..........
...........oo#ooo##.........
..........ooo#ooo#..........
.........oo###ooo#oo........
........oooo.oooo#oooo......
.......oooooooooo#ooooo.....
......ooo#########oooooo....
.....ooooo.......oooooooo...
############################
===== 80
............................
..............oo............
.............oooo...........
............oooooo..........
...........oo#ooo##.........
..........ooo#ooo#..........
.........oo###ooo#ooo.......
........oooo.oooo#oooo......
.......oooooooooo#ooooo.....
......ooo#########oooooo....
.....ooooo.......oooooooo...
############################
===== 81
............................
..............oo............
.............oooo...........
............oooooo..........
...........oo#ooo##.........
..........ooo#ooo#.o........
.........oo###ooo#ooo.......
........oooo.oooo#oooo......
.......oooooooooo#ooooo.....
......ooo#########oooooo....
.....ooooo.......oooooooo...
############################
===== 82
............................
..............oo............
.............oooo...........
............oooooo..........
...........oo#ooo##.........
..........ooo#ooo#oo........
.........oo###ooo#ooo.......
........oooo.oooo#oooo......
.......oooooooooo#ooooo.....
......ooo#########oooooo....
.....ooooo.......oooooooo...
############################
===== 83
............................
..............oo............
.............oooo...........
............oooooo..........
...........oo#ooo##.........
..........ooo#ooo#oo........
.........oo###ooo#ooo.......
........oooo.oooo#oooo......
.......oooooooooo#ooooo.....
......ooo#########oooooo....
.....ooooo.......ooooooooo..
############################
===== 84
............................
..............oo............
.............oooo...........
............oooooo..........
...........oo#ooo##.........
..........ooo#ooo#oo........
.........oo###ooo#ooo.......
........oooo.oooo#oooo......
.......oooooooooo#ooooo.....
......ooo#########ooooooo...
.....ooooo.......ooooooooo..
############################
===== 85
............................
..............oo............
.............oooo...........
............oooooo..........
...........oo#ooo##.........
..........ooo#ooo#oo........
.........oo###ooo#ooo.......
........oooo.oooo#oooo......
.......oooooooooo#oooooo....
......ooo#########ooooooo...
.....ooooo.......ooooooooo..
############################
===== 86
............................
..............oo............
.............oooo...........
............oooooo..........
...........oo#ooo##.........
..........ooo#ooo#oo........
.........oo###ooo#ooo.......
........oooo.oooo#ooooo.....
.......oooooooooo#oooooo....
......ooo#########ooooooo...
.....ooooo.......ooooooooo..
############################
===== 87
............................
..............oo............
.............oooo...........
............oooooo..........
...........oo#ooo##.........
..........ooo#ooo#oo........
.........oo###ooo#oooo......
........oooo.oooo#ooooo.....
.......oooooooooo#oooooo....
......ooo#########ooooooo...
.....ooooo.......ooooooooo..
############################
===== 88
............................
..............oo............
.............oooo...........
............oooooo..........
...........oo#ooo##.........
..........ooo#ooo#ooo.......
.........oo###ooo#oooo......
........oooo.oooo#ooooo.....
.......oooooooooo#oooooo....
......ooo#########ooooooo...
.....ooooo.......ooooooooo..
############################
===== 89
............................
..............oo............
.............oooo...........
............oooooo..........
...........oo#ooo##o........
..........ooo#ooo#ooo.......
.........oo###ooo#oooo......
........oooo.oooo#ooooo.....
.......oooooooooo#oooooo....
......ooo#########ooooooo...
.....ooooo.......ooooooooo..
############################
===== 90
............................
..............oo............
.............oooo...........
............ooooooo.........
...........oo#ooo##o........
..........ooo#ooo#ooo.......
.........oo###ooo#oooo......
........oooo.oooo#ooooo.....
.......oooooooooo#oooooo....
......ooo#########ooooooo...
.....ooooo.......ooooooooo..
############################
===== 91
............................
..............oo............
.............ooooo..........
............ooooooo.........
...........oo#ooo##o........
..........ooo#ooo#ooo.......
.........oo###ooo#oooo......
........oooo.oooo#ooooo.....
.......oooooooooo#oooooo....
......ooo#########ooooooo...
.....ooooo.......ooooooooo..
############################
===== 92
............................
..............ooo...........
.............ooooo..........
............ooooooo.........
...........oo#ooo##o........
..........ooo#ooo#ooo.......
.........oo###ooo#oooo......
........oooo.oooo#ooooo.....
.......oooooooooo#oooooo....
......ooo#########ooooooo...
.....ooooo.......ooooooooo..
############################
===== 93
...............o............
..............ooo...........
.............ooooo..........
............ooooooo.........
...........oo#ooo##o........
..........ooo#ooo#ooo.......
.........oo###ooo#oooo......
........oooo.oooo#ooooo.....
.......oooooooooo#oooooo....
......ooo#########ooooooo...
.....ooooo.......ooooooooo..
############################
part 2: 93
