Usage: pyhton d15.py [t|p]
    t = test mode
    p = production mode
  Current: sys.argv[1:]=['p']
in
['Sensor at x=3482210, y=422224: closest beacon is at x=2273934, y=-202439', 'Sensor at x=3679395, y=2737332: closest beacon is at x=4104213, y=2980736', 'Sensor at x=3173475, y=3948494: closest beacon is at x=3494250, y=3554521', 'Sensor at x=27235, y=3642190: closest beacon is at x=-190885, y=3635525', 'Sensor at x=3851721, y=1754784: closest beacon is at x=3145586, y=2167751', 'Sensor at x=327074, y=3250656: closest beacon is at x=-190885, y=3635525', 'Sensor at x=3499970, y=3186179: closest beacon is at x=3494250, y=3554521', 'Sensor at x=150736, y=2522778: closest beacon is at x=-85806, y=2000000', 'Sensor at x=3000768, y=3333983: closest beacon is at x=2564067, y=3163630', 'Sensor at x=1751302, y=1660540: closest beacon is at x=3145586, y=2167751', 'Sensor at x=2591068, y=2923079: closest beacon is at x=2564067, y=3163630', 'Sensor at x=48946, y=3999178: closest beacon is at x=-190885, y=3635525', 'Sensor at x=3695475, y=3863101: closest beacon is at x=3494250, y=3554521', 'Sensor at x=1504031, y=2760: closest beacon is at x=2273934, y=-202439', 'Sensor at x=3021186, y=2667125: closest beacon is at x=3145586, y=2167751', 'Sensor at x=1514629, y=3771171: closest beacon is at x=2564067, y=3163630', 'Sensor at x=234064, y=616106: closest beacon is at x=-85806, y=2000000', 'Sensor at x=3990843, y=3393575: closest beacon is at x=4104213, y=2980736', 'Sensor at x=768875, y=2665271: closest beacon is at x=-85806, y=2000000']
[3482210, 422224, 2273934, -202439, 1832939]
[3679395, 2737332, 4104213, 2980736, 668222]
[3173475, 3948494, 3494250, 3554521, 714748]
[27235, 3642190, -190885, 3635525, 224785]
[3851721, 1754784, 3145586, 2167751, 1119102]
[327074, 3250656, -190885, 3635525, 902828]
[3499970, 3186179, 3494250, 3554521, 374062]
[150736, 2522778, -85806, 2000000, 759320]
[3000768, 3333983, 2564067, 3163630, 607054]
[1751302, 1660540, 3145586, 2167751, 1901495]
[2591068, 2923079, 2564067, 3163630, 267552]
[48946, 3999178, -190885, 3635525, 603484]
[3695475, 3863101, 3494250, 3554521, 509805]
[1504031, 2760, 2273934, -202439, 975102]
[3021186, 2667125, 3145586, 2167751, 623774]
[1514629, 3771171, 2564067, 3163630, 1656979]
[234064, 616106, -85806, 2000000, 1703764]
[3990843, 3393575, 4104213, 2980736, 526209]
[768875, 2665271, -85806, 2000000, 1519952]
0:  0 1410715 1649271 5315149 0 3665878
1:  0 0 3011173 4347617 2069110 3405554
2:  0 0 2458727 3888223 3233746 4663242
3:  197550 0 0 449570 3417405 3866975
4:  0 0 2732619 4970823 635682 2873886
5:  575754 0 0 1805656 2347828 4153484
6:  0 0 3125908 3874032 2812117 3560241
7:  608584 0 0 1518640 1763458 3282098
8:  0 0 2393714 3607822 2726929 3941037
9:  150193 240955 0 3802990 0 3802990
10:  0 0 2323516 2858620 2655527 3190631
11:  554538 0 0 1206968 3395694 4602662
12:  0 0 3185670 4205280 3353296 4372906
13:  0 972342 528929 2479133 0 1950204
14:  0 0 2397412 3644960 2043351 3290899
15:  142350 0 0 3313958 2114192 5428150
16:  1469700 1087658 0 3407528 0 3407528
17:  0 0 3464634 4517052 2867366 3919784
18:  751077 0 0 3039904 1145319 4185223
g_x_c, g_y_c, g_x_min, g_x_max, g_y_min, g_y_max : 1469700 1410715 0 5315149 0 5428150
part 1: 4811413
mx: 3292963, my: 3019123
part 2: 13171855019123
